INFO Cleaning with make clean
QMK Firmware 0.24.7
Deleting .build/ ... done.
INFO Compiling keymap with make --jobs --output-sync=target -r -R -f builddefs/build_keyboard.mk -s KEYBOARD=bastardkb/charybdis/3x6 KEYMAP=brainrot KEYBOARD_FILESAFE=bastardkb_charybdis_3x6 TARGET=bastardkb_charybdis_3x6_brainrot INTERMEDIATE_OUTPUT=.build/obj_bastardkb_charybdis_3x6_brainrot VERBOSE=false COLOR=true SILENT=false QMK_BIN="qmk" QMK_USERSPACE=I:/coding/bkqmk MAIN_KEYMAP_PATH_1=I:/coding/bkqmk/keyboards/bastardkb/charybdis/3x6/keymaps/brainrot MAIN_KEYMAP_PATH_2=I:/coding/bkqmk/keyboards/bastardkb/charybdis/3x6/keymaps/brainrot MAIN_KEYMAP_PATH_3=I:/coding/bkqmk/keyboards/bastardkb/charybdis/3x6/keymaps/brainrot MAIN_KEYMAP_PATH_4=I:/coding/bkqmk/keyboards/bastardkb/charybdis/3x6/keymaps/brainrot MAIN_KEYMAP_PATH_5=I:/coding/bkqmk/keyboards/bastardkb/charybdis/3x6/keymaps/brainrot


Generating: .build/obj_bastardkb_charybdis_3x6_brainrot/src/info_deps.d                             [32;01m[OK][0m
arm-none-eabi-gcc.exe (GCC) 13.3.0
Copyright (C) 2023 Free Software Foundation, Inc.
This is free software; see the source for copying conditions.  There is NO
warranty; not even for MERCHANTABILITY or FITNESS FOR A PARTICULAR PURPOSE.

Generating: .build/obj_bastardkb_charybdis_3x6_brainrot/src/info_config.h                           [32;01m[OK][0m
Generating: .build/obj_bastardkb_charybdis_3x6_brainrot/src/default_keyboard.h                      [32;01m[OK][0m
Generating: .build/obj_bastardkb_charybdis_3x6_brainrot/src/default_keyboard.c                      [32;01m[OK][0m
Compiling: quantum/bitwise.c                                                                        [32;01m[OK][0m
Compiling: keyboards/bastardkb/charybdis/charybdis.c                                               In file included from quantum/keymap_extras/keymap_us.h:27,
                 from quantum/quantum_keycodes.h:23,
                 from quantum/quantum.h:40,
                 from keyboards/bastardkb/charybdis/charybdis.h:21,
                 from keyboards/bastardkb/charybdis/charybdis.c:20:
I:/coding/bkqmk/users/brainrot/keycodes.h:14:13: error: 'SAFE_RANGE' undeclared here (not in a function)
   14 |     KC_QU = SAFE_RANGE,
      |             ^~~~~~~~~~
I:/coding/bkqmk/users/brainrot/keycodes.h:29:1: error: unknown type name 'tap_dance_action_t'
   29 | tap_dance_action_t tap_dance_actions[] = {
      | ^~~~~~~~~~~~~~~~~~
I:/coding/bkqmk/users/brainrot/keycodes.h:30:20: error: implicit declaration of function 'ACTION_TAP_DANCE_DOUBLE' [-Werror=implicit-function-declaration]
   30 |     [TD_SPC_ENT] = ACTION_TAP_DANCE_DOUBLE(KC_SPC, KC_ENT),
      |                    ^~~~~~~~~~~~~~~~~~~~~~~
I:/coding/bkqmk/users/brainrot/keycodes.h:30:20: error: initializer element is not constant
I:/coding/bkqmk/users/brainrot/keycodes.h:30:20: note: (near initialization for 'tap_dance_actions[0]')
I:/coding/bkqmk/users/brainrot/keycodes.h:31:20: error: initializer element is not constant
   31 |     [TD_SPC_ESC] = ACTION_TAP_DANCE_DOUBLE(KC_SPC, KC_ESC),
      |                    ^~~~~~~~~~~~~~~~~~~~~~~
I:/coding/bkqmk/users/brainrot/keycodes.h:31:20: note: (near initialization for 'tap_dance_actions[1]')
I:/coding/bkqmk/users/brainrot/keycodes.h:32:45: error: implicit declaration of function 'C' [-Werror=implicit-function-declaration]
   32 |     [TD_BSPC_WRD] = ACTION_TAP_DANCE_DOUBLE(C(KC_BSPC), KC_BSPC),
      |                                             ^
I:/coding/bkqmk/users/brainrot/keycodes.h:32:21: error: initializer element is not constant
   32 |     [TD_BSPC_WRD] = ACTION_TAP_DANCE_DOUBLE(C(KC_BSPC), KC_BSPC),
      |                     ^~~~~~~~~~~~~~~~~~~~~~~
I:/coding/bkqmk/users/brainrot/keycodes.h:32:21: note: (near initialization for 'tap_dance_actions[2]')
I:/coding/bkqmk/users/brainrot/keycodes.h:33:20: error: initializer element is not constant
   33 |     [TD_DEL_WRD] = ACTION_TAP_DANCE_DOUBLE(C(KC_DEL), KC_DEL),
      |                    ^~~~~~~~~~~~~~~~~~~~~~~
I:/coding/bkqmk/users/brainrot/keycodes.h:33:20: note: (near initialization for 'tap_dance_actions[3]')
I:/coding/bkqmk/users/brainrot/keycodes.h:34:44: error: 'DRGSCRL' undeclared here (not in a function)
   34 |     [TD_DRG_TOG] = ACTION_TAP_DANCE_DOUBLE(DRGSCRL, DRG_TOG)
      |                                            ^~~~~~~
I:/coding/bkqmk/users/brainrot/keycodes.h:34:53: error: 'DRG_TOG' undeclared here (not in a function); did you mean 'RGB_TOG'?
   34 |     [TD_DRG_TOG] = ACTION_TAP_DANCE_DOUBLE(DRGSCRL, DRG_TOG)
      |                                                     ^~~~~~~
      |                                                     RGB_TOG
In file included from quantum/quantum.h:122:
quantum/process_keycode/process_tap_dance.h:81:27: error: conflicting types for 'tap_dance_actions'; have 'tap_dance_action_t[]'
   81 | extern tap_dance_action_t tap_dance_actions[];
      |                           ^~~~~~~~~~~~~~~~~
I:/coding/bkqmk/users/brainrot/keycodes.h:29:20: note: previous definition of 'tap_dance_actions' with type 'int[1]'
   29 | tap_dance_action_t tap_dance_actions[] = {
      |                    ^~~~~~~~~~~~~~~~~
cc1.exe: all warnings being treated as errors
 [31;01m[ERRORS][0m
 | 
 | 
 | 
make: *** [builddefs/common_rules.mk:373: .build/obj_bastardkb_charybdis_3x6_brainrot/keyboards/bastardkb/charybdis/charybdis.o] Error 1
make: *** Waiting for unfinished jobs....
Compiling: keyboards/bastardkb/charybdis/3x6/3x6.c                                                 In file included from quantum/keymap_extras/keymap_us.h:27,
                 from quantum/quantum_keycodes.h:23,
                 from quantum/quantum.h:40,
                 from keyboards/bastardkb/charybdis/3x6/3x6.c:18:
I:/coding/bkqmk/users/brainrot/keycodes.h:14:13: error: 'SAFE_RANGE' undeclared here (not in a function)
   14 |     KC_QU = SAFE_RANGE,
      |             ^~~~~~~~~~
I:/coding/bkqmk/users/brainrot/keycodes.h:29:1: error: unknown type name 'tap_dance_action_t'
   29 | tap_dance_action_t tap_dance_actions[] = {
      | ^~~~~~~~~~~~~~~~~~
I:/coding/bkqmk/users/brainrot/keycodes.h:30:20: error: implicit declaration of function 'ACTION_TAP_DANCE_DOUBLE' [-Werror=implicit-function-declaration]
   30 |     [TD_SPC_ENT] = ACTION_TAP_DANCE_DOUBLE(KC_SPC, KC_ENT),
      |                    ^~~~~~~~~~~~~~~~~~~~~~~
I:/coding/bkqmk/users/brainrot/keycodes.h:30:20: error: initializer element is not constant
I:/coding/bkqmk/users/brainrot/keycodes.h:30:20: note: (near initialization for 'tap_dance_actions[0]')
I:/coding/bkqmk/users/brainrot/keycodes.h:31:20: error: initializer element is not constant
   31 |     [TD_SPC_ESC] = ACTION_TAP_DANCE_DOUBLE(KC_SPC, KC_ESC),
      |                    ^~~~~~~~~~~~~~~~~~~~~~~
I:/coding/bkqmk/users/brainrot/keycodes.h:31:20: note: (near initialization for 'tap_dance_actions[1]')
I:/coding/bkqmk/users/brainrot/keycodes.h:32:45: error: implicit declaration of function 'C' [-Werror=implicit-function-declaration]
   32 |     [TD_BSPC_WRD] = ACTION_TAP_DANCE_DOUBLE(C(KC_BSPC), KC_BSPC),
      |                                             ^
I:/coding/bkqmk/users/brainrot/keycodes.h:32:21: error: initializer element is not constant
   32 |     [TD_BSPC_WRD] = ACTION_TAP_DANCE_DOUBLE(C(KC_BSPC), KC_BSPC),
      |                     ^~~~~~~~~~~~~~~~~~~~~~~
I:/coding/bkqmk/users/brainrot/keycodes.h:32:21: note: (near initialization for 'tap_dance_actions[2]')
I:/coding/bkqmk/users/brainrot/keycodes.h:33:20: error: initializer element is not constant
   33 |     [TD_DEL_WRD] = ACTION_TAP_DANCE_DOUBLE(C(KC_DEL), KC_DEL),
      |                    ^~~~~~~~~~~~~~~~~~~~~~~
I:/coding/bkqmk/users/brainrot/keycodes.h:33:20: note: (near initialization for 'tap_dance_actions[3]')
I:/coding/bkqmk/users/brainrot/keycodes.h:34:20: error: initializer element is not constant
   34 |     [TD_DRG_TOG] = ACTION_TAP_DANCE_DOUBLE(DRGSCRL, DRG_TOG)
      |                    ^~~~~~~~~~~~~~~~~~~~~~~
I:/coding/bkqmk/users/brainrot/keycodes.h:34:20: note: (near initialization for 'tap_dance_actions[4]')
In file included from quantum/quantum.h:122:
quantum/process_keycode/process_tap_dance.h:81:27: error: conflicting types for 'tap_dance_actions'; have 'tap_dance_action_t[]'
   81 | extern tap_dance_action_t tap_dance_actions[];
      |                           ^~~~~~~~~~~~~~~~~
I:/coding/bkqmk/users/brainrot/keycodes.h:29:20: note: previous definition of 'tap_dance_actions' with type 'int[1]'
   29 | tap_dance_action_t tap_dance_actions[] = {
      |                    ^~~~~~~~~~~~~~~~~
cc1.exe: all warnings being treated as errors
 [31;01m[ERRORS][0m
 | 
 | 
 | 
make: *** [builddefs/common_rules.mk:373: .build/obj_bastardkb_charybdis_3x6_brainrot/keyboards/bastardkb/charybdis/3x6/3x6.o] Error 1
Compiling: quantum/keymap_introspection.c                                                          In file included from quantum/keymap_extras/keymap_us.h:27,
                 from quantum/quantum_keycodes.h:23,
                 from quantum/quantum.h:40,
                 from ./.build/obj_bastardkb_charybdis_3x6_brainrot/src/default_keyboard.h:27,
                 from I:/coding/bkqmk/keyboards/bastardkb/charybdis/3x6/keymaps/brainrot/keymap.c:17,
                 from quantum/keymap_introspection.c:5:
I:/coding/bkqmk/users/brainrot/keycodes.h:14:13: error: 'SAFE_RANGE' undeclared here (not in a function)
   14 |     KC_QU = SAFE_RANGE,
      |             ^~~~~~~~~~
I:/coding/bkqmk/users/brainrot/keycodes.h:29:1: error: unknown type name 'tap_dance_action_t'
   29 | tap_dance_action_t tap_dance_actions[] = {
      | ^~~~~~~~~~~~~~~~~~
I:/coding/bkqmk/users/brainrot/keycodes.h:30:20: error: implicit declaration of function 'ACTION_TAP_DANCE_DOUBLE' [-Werror=implicit-function-declaration]
   30 |     [TD_SPC_ENT] = ACTION_TAP_DANCE_DOUBLE(KC_SPC, KC_ENT),
      |                    ^~~~~~~~~~~~~~~~~~~~~~~
I:/coding/bkqmk/users/brainrot/keycodes.h:30:20: error: initializer element is not constant
I:/coding/bkqmk/users/brainrot/keycodes.h:30:20: note: (near initialization for 'tap_dance_actions[0]')
I:/coding/bkqmk/users/brainrot/keycodes.h:31:20: error: initializer element is not constant
   31 |     [TD_SPC_ESC] = ACTION_TAP_DANCE_DOUBLE(KC_SPC, KC_ESC),
      |                    ^~~~~~~~~~~~~~~~~~~~~~~
I:/coding/bkqmk/users/brainrot/keycodes.h:31:20: note: (near initialization for 'tap_dance_actions[1]')
I:/coding/bkqmk/users/brainrot/keycodes.h:32:45: error: implicit declaration of function 'C' [-Werror=implicit-function-declaration]
   32 |     [TD_BSPC_WRD] = ACTION_TAP_DANCE_DOUBLE(C(KC_BSPC), KC_BSPC),
      |                                             ^
I:/coding/bkqmk/users/brainrot/keycodes.h:32:21: error: initializer element is not constant
   32 |     [TD_BSPC_WRD] = ACTION_TAP_DANCE_DOUBLE(C(KC_BSPC), KC_BSPC),
      |                     ^~~~~~~~~~~~~~~~~~~~~~~
I:/coding/bkqmk/users/brainrot/keycodes.h:32:21: note: (near initialization for 'tap_dance_actions[2]')
I:/coding/bkqmk/users/brainrot/keycodes.h:33:20: error: initializer element is not constant
   33 |     [TD_DEL_WRD] = ACTION_TAP_DANCE_DOUBLE(C(KC_DEL), KC_DEL),
      |                    ^~~~~~~~~~~~~~~~~~~~~~~
I:/coding/bkqmk/users/brainrot/keycodes.h:33:20: note: (near initialization for 'tap_dance_actions[3]')
I:/coding/bkqmk/users/brainrot/keycodes.h:34:20: error: initializer element is not constant
   34 |     [TD_DRG_TOG] = ACTION_TAP_DANCE_DOUBLE(DRGSCRL, DRG_TOG)
      |                    ^~~~~~~~~~~~~~~~~~~~~~~
I:/coding/bkqmk/users/brainrot/keycodes.h:34:20: note: (near initialization for 'tap_dance_actions[4]')
In file included from quantum/quantum.h:122:
quantum/process_keycode/process_tap_dance.h:81:27: error: conflicting types for 'tap_dance_actions'; have 'tap_dance_action_t[]'
   81 | extern tap_dance_action_t tap_dance_actions[];
      |                           ^~~~~~~~~~~~~~~~~
I:/coding/bkqmk/users/brainrot/keycodes.h:29:20: note: previous definition of 'tap_dance_actions' with type 'int[1]'
   29 | tap_dance_action_t tap_dance_actions[] = {
      |                    ^~~~~~~~~~~~~~~~~
cc1.exe: all warnings being treated as errors
 [31;01m[ERRORS][0m
 | 
 | 
 | 
make: *** [builddefs/common_rules.mk:373: .build/obj_bastardkb_charybdis_3x6_brainrot/quantum/keymap_introspection.o] Error 1
Compiling: .build/obj_bastardkb_charybdis_3x6_brainrot/src/default_keyboard.c                      In file included from quantum/keymap_extras/keymap_us.h:27,
                 from quantum/quantum_keycodes.h:23,
                 from quantum/quantum.h:40,
                 from ./.build/obj_bastardkb_charybdis_3x6_brainrot/src/default_keyboard.h:27,
                 from .build/obj_bastardkb_charybdis_3x6_brainrot/src/default_keyboard.c:26:
I:/coding/bkqmk/users/brainrot/keycodes.h:14:13: error: 'SAFE_RANGE' undeclared here (not in a function)
   14 |     KC_QU = SAFE_RANGE,
      |             ^~~~~~~~~~
I:/coding/bkqmk/users/brainrot/keycodes.h:29:1: error: unknown type name 'tap_dance_action_t'
   29 | tap_dance_action_t tap_dance_actions[] = {
      | ^~~~~~~~~~~~~~~~~~
I:/coding/bkqmk/users/brainrot/keycodes.h:30:20: error: implicit declaration of function 'ACTION_TAP_DANCE_DOUBLE' [-Werror=implicit-function-declaration]
   30 |     [TD_SPC_ENT] = ACTION_TAP_DANCE_DOUBLE(KC_SPC, KC_ENT),
      |                    ^~~~~~~~~~~~~~~~~~~~~~~
I:/coding/bkqmk/users/brainrot/keycodes.h:30:20: error: initializer element is not constant
I:/coding/bkqmk/users/brainrot/keycodes.h:30:20: note: (near initialization for 'tap_dance_actions[0]')
I:/coding/bkqmk/users/brainrot/keycodes.h:31:20: error: initializer element is not constant
   31 |     [TD_SPC_ESC] = ACTION_TAP_DANCE_DOUBLE(KC_SPC, KC_ESC),
      |                    ^~~~~~~~~~~~~~~~~~~~~~~
I:/coding/bkqmk/users/brainrot/keycodes.h:31:20: note: (near initialization for 'tap_dance_actions[1]')
I:/coding/bkqmk/users/brainrot/keycodes.h:32:45: error: implicit declaration of function 'C' [-Werror=implicit-function-declaration]
   32 |     [TD_BSPC_WRD] = ACTION_TAP_DANCE_DOUBLE(C(KC_BSPC), KC_BSPC),
      |                                             ^
I:/coding/bkqmk/users/brainrot/keycodes.h:32:21: error: initializer element is not constant
   32 |     [TD_BSPC_WRD] = ACTION_TAP_DANCE_DOUBLE(C(KC_BSPC), KC_BSPC),
      |                     ^~~~~~~~~~~~~~~~~~~~~~~
I:/coding/bkqmk/users/brainrot/keycodes.h:32:21: note: (near initialization for 'tap_dance_actions[2]')
I:/coding/bkqmk/users/brainrot/keycodes.h:33:20: error: initializer element is not constant
   33 |     [TD_DEL_WRD] = ACTION_TAP_DANCE_DOUBLE(C(KC_DEL), KC_DEL),
      |                    ^~~~~~~~~~~~~~~~~~~~~~~
I:/coding/bkqmk/users/brainrot/keycodes.h:33:20: note: (near initialization for 'tap_dance_actions[3]')
I:/coding/bkqmk/users/brainrot/keycodes.h:34:20: error: initializer element is not constant
   34 |     [TD_DRG_TOG] = ACTION_TAP_DANCE_DOUBLE(DRGSCRL, DRG_TOG)
      |                    ^~~~~~~~~~~~~~~~~~~~~~~
I:/coding/bkqmk/users/brainrot/keycodes.h:34:20: note: (near initialization for 'tap_dance_actions[4]')
In file included from quantum/quantum.h:122:
quantum/process_keycode/process_tap_dance.h:81:27: error: conflicting types for 'tap_dance_actions'; have 'tap_dance_action_t[]'
   81 | extern tap_dance_action_t tap_dance_actions[];
      |                           ^~~~~~~~~~~~~~~~~
I:/coding/bkqmk/users/brainrot/keycodes.h:29:20: note: previous definition of 'tap_dance_actions' with type 'int[1]'
   29 | tap_dance_action_t tap_dance_actions[] = {
      |                    ^~~~~~~~~~~~~~~~~
cc1.exe: all warnings being treated as errors
 [31;01m[ERRORS][0m
 | 
 | 
 | 
make: *** [builddefs/common_rules.mk:373: .build/obj_bastardkb_charybdis_3x6_brainrot/.build/obj_bastardkb_charybdis_3x6_brainrot/src/default_keyboard.o] Error 1
Compiling: quantum/quantum.c                                                                       In file included from quantum/keymap_extras/keymap_us.h:27,
                 from quantum/quantum_keycodes.h:23,
                 from quantum/quantum.h:40,
                 from quantum/quantum.c:17:
I:/coding/bkqmk/users/brainrot/keycodes.h:14:13: error: 'SAFE_RANGE' undeclared here (not in a function)
   14 |     KC_QU = SAFE_RANGE,
      |             ^~~~~~~~~~
I:/coding/bkqmk/users/brainrot/keycodes.h:29:1: error: unknown type name 'tap_dance_action_t'
   29 | tap_dance_action_t tap_dance_actions[] = {
      | ^~~~~~~~~~~~~~~~~~
I:/coding/bkqmk/users/brainrot/keycodes.h:30:20: error: implicit declaration of function 'ACTION_TAP_DANCE_DOUBLE' [-Werror=implicit-function-declaration]
   30 |     [TD_SPC_ENT] = ACTION_TAP_DANCE_DOUBLE(KC_SPC, KC_ENT),
      |                    ^~~~~~~~~~~~~~~~~~~~~~~
I:/coding/bkqmk/users/brainrot/keycodes.h:30:20: error: initializer element is not constant
I:/coding/bkqmk/users/brainrot/keycodes.h:30:20: note: (near initialization for 'tap_dance_actions[0]')
I:/coding/bkqmk/users/brainrot/keycodes.h:31:20: error: initializer element is not constant
   31 |     [TD_SPC_ESC] = ACTION_TAP_DANCE_DOUBLE(KC_SPC, KC_ESC),
      |                    ^~~~~~~~~~~~~~~~~~~~~~~
I:/coding/bkqmk/users/brainrot/keycodes.h:31:20: note: (near initialization for 'tap_dance_actions[1]')
I:/coding/bkqmk/users/brainrot/keycodes.h:32:45: error: implicit declaration of function 'C' [-Werror=implicit-function-declaration]
   32 |     [TD_BSPC_WRD] = ACTION_TAP_DANCE_DOUBLE(C(KC_BSPC), KC_BSPC),
      |                                             ^
I:/coding/bkqmk/users/brainrot/keycodes.h:32:21: error: initializer element is not constant
   32 |     [TD_BSPC_WRD] = ACTION_TAP_DANCE_DOUBLE(C(KC_BSPC), KC_BSPC),
      |                     ^~~~~~~~~~~~~~~~~~~~~~~
I:/coding/bkqmk/users/brainrot/keycodes.h:32:21: note: (near initialization for 'tap_dance_actions[2]')
I:/coding/bkqmk/users/brainrot/keycodes.h:33:20: error: initializer element is not constant
   33 |     [TD_DEL_WRD] = ACTION_TAP_DANCE_DOUBLE(C(KC_DEL), KC_DEL),
      |                    ^~~~~~~~~~~~~~~~~~~~~~~
I:/coding/bkqmk/users/brainrot/keycodes.h:33:20: note: (near initialization for 'tap_dance_actions[3]')
I:/coding/bkqmk/users/brainrot/keycodes.h:34:20: error: initializer element is not constant
   34 |     [TD_DRG_TOG] = ACTION_TAP_DANCE_DOUBLE(DRGSCRL, DRG_TOG)
      |                    ^~~~~~~~~~~~~~~~~~~~~~~
I:/coding/bkqmk/users/brainrot/keycodes.h:34:20: note: (near initialization for 'tap_dance_actions[4]')
In file included from quantum/quantum.h:122:
quantum/process_keycode/process_tap_dance.h:81:27: error: conflicting types for 'tap_dance_actions'; have 'tap_dance_action_t[]'
   81 | extern tap_dance_action_t tap_dance_actions[];
      |                           ^~~~~~~~~~~~~~~~~
I:/coding/bkqmk/users/brainrot/keycodes.h:29:20: note: previous definition of 'tap_dance_actions' with type 'int[1]'
   29 | tap_dance_action_t tap_dance_actions[] = {
      |                    ^~~~~~~~~~~~~~~~~
cc1.exe: all warnings being treated as errors
 [31;01m[ERRORS][0m
 | 
 | 
 | 
make: *** [builddefs/common_rules.mk:373: .build/obj_bastardkb_charybdis_3x6_brainrot/quantum/quantum.o] Error 1
Compiling: quantum/led.c                                                                            [32;01m[OK][0m
Compiling: quantum/action_layer.c                                                                   [32;01m[OK][0m
Compiling: quantum/action_tapping.c                                                                 [32;01m[OK][0m
Compiling: quantum/eeconfig.c                                                                       [32;01m[OK][0m
Compiling: quantum/action.c                                                                        In file included from quantum/keymap_extras/keymap_us.h:27,
                 from quantum/quantum_keycodes.h:23,
                 from quantum/quantum.h:40,
                 from quantum/action.c:33:
I:/coding/bkqmk/users/brainrot/keycodes.h:14:13: error: 'SAFE_RANGE' undeclared here (not in a function)
   14 |     KC_QU = SAFE_RANGE,
      |             ^~~~~~~~~~
I:/coding/bkqmk/users/brainrot/keycodes.h:29:1: error: unknown type name 'tap_dance_action_t'
   29 | tap_dance_action_t tap_dance_actions[] = {
      | ^~~~~~~~~~~~~~~~~~
I:/coding/bkqmk/users/brainrot/keycodes.h:30:20: error: implicit declaration of function 'ACTION_TAP_DANCE_DOUBLE'; did you mean 'ACTION_SWAP_HANDS_TOGGLE'? [-Werror=implicit-function-declaration]
   30 |     [TD_SPC_ENT] = ACTION_TAP_DANCE_DOUBLE(KC_SPC, KC_ENT),
      |                    ^~~~~~~~~~~~~~~~~~~~~~~
      |                    ACTION_SWAP_HANDS_TOGGLE
I:/coding/bkqmk/users/brainrot/keycodes.h:30:20: error: initializer element is not constant
I:/coding/bkqmk/users/brainrot/keycodes.h:30:20: note: (near initialization for 'tap_dance_actions[0]')
I:/coding/bkqmk/users/brainrot/keycodes.h:31:20: error: initializer element is not constant
   31 |     [TD_SPC_ESC] = ACTION_TAP_DANCE_DOUBLE(KC_SPC, KC_ESC),
      |                    ^~~~~~~~~~~~~~~~~~~~~~~
I:/coding/bkqmk/users/brainrot/keycodes.h:31:20: note: (near initialization for 'tap_dance_actions[1]')
I:/coding/bkqmk/users/brainrot/keycodes.h:32:45: error: implicit declaration of function 'C' [-Werror=implicit-function-declaration]
   32 |     [TD_BSPC_WRD] = ACTION_TAP_DANCE_DOUBLE(C(KC_BSPC), KC_BSPC),
      |                                             ^
I:/coding/bkqmk/users/brainrot/keycodes.h:32:21: error: initializer element is not constant
   32 |     [TD_BSPC_WRD] = ACTION_TAP_DANCE_DOUBLE(C(KC_BSPC), KC_BSPC),
      |                     ^~~~~~~~~~~~~~~~~~~~~~~
I:/coding/bkqmk/users/brainrot/keycodes.h:32:21: note: (near initialization for 'tap_dance_actions[2]')
I:/coding/bkqmk/users/brainrot/keycodes.h:33:20: error: initializer element is not constant
   33 |     [TD_DEL_WRD] = ACTION_TAP_DANCE_DOUBLE(C(KC_DEL), KC_DEL),
      |                    ^~~~~~~~~~~~~~~~~~~~~~~
I:/coding/bkqmk/users/brainrot/keycodes.h:33:20: note: (near initialization for 'tap_dance_actions[3]')
I:/coding/bkqmk/users/brainrot/keycodes.h:34:20: error: initializer element is not constant
   34 |     [TD_DRG_TOG] = ACTION_TAP_DANCE_DOUBLE(DRGSCRL, DRG_TOG)
      |                    ^~~~~~~~~~~~~~~~~~~~~~~
I:/coding/bkqmk/users/brainrot/keycodes.h:34:20: note: (near initialization for 'tap_dance_actions[4]')
In file included from quantum/quantum.h:122:
quantum/process_keycode/process_tap_dance.h:81:27: error: conflicting types for 'tap_dance_actions'; have 'tap_dance_action_t[]'
   81 | extern tap_dance_action_t tap_dance_actions[];
      |                           ^~~~~~~~~~~~~~~~~
I:/coding/bkqmk/users/brainrot/keycodes.h:29:20: note: previous definition of 'tap_dance_actions' with type 'int[1]'
   29 | tap_dance_action_t tap_dance_actions[] = {
      |                    ^~~~~~~~~~~~~~~~~
cc1.exe: all warnings being treated as errors
 [31;01m[ERRORS][0m
 | 
 | 
 | 
make: *** [builddefs/common_rules.mk:369: .build/obj_bastardkb_charybdis_3x6_brainrot/quantum/action.o] Error 1
Compiling: quantum/action_util.c                                                                    [32;01m[OK][0m
Compiling: quantum/sync_timer.c                                                                     [32;01m[OK][0m
Compiling: quantum/keycode_config.c                                                                 [32;01m[OK][0m
Compiling: quantum/logging/sendchar.c                                                               [32;01m[OK][0m
Compiling: quantum/keymap_common.c                                                                 In file included from quantum/keymap_extras/keymap_us.h:27,
                 from quantum/quantum_keycodes.h:23,
                 from quantum/keymap_common.c:26:
I:/coding/bkqmk/users/brainrot/keycodes.h:14:13: error: 'SAFE_RANGE' undeclared here (not in a function)
   14 |     KC_QU = SAFE_RANGE,
      |             ^~~~~~~~~~
In file included from quantum/quantum.h:122,
                 from keyboards/bastardkb/charybdis/charybdis.h:21,
                 from I:/coding/bkqmk/users/brainrot/keycodes.h:3:
I:/coding/bkqmk/users/brainrot/keycodes.h:32:45: error: implicit declaration of function 'C' [-Werror=implicit-function-declaration]
   32 |     [TD_BSPC_WRD] = ACTION_TAP_DANCE_DOUBLE(C(KC_BSPC), KC_BSPC),
      |                                             ^
quantum/process_keycode/process_tap_dance.h:61:138: note: in definition of macro 'ACTION_TAP_DANCE_DOUBLE'
   61 |     { .fn = {tap_dance_pair_on_each_tap, tap_dance_pair_finished, tap_dance_pair_reset, NULL}, .user_data = (void *)&((tap_dance_pair_t){kc1, kc2}), }
      |                                                                                                                                          ^~~
I:/coding/bkqmk/users/brainrot/keycodes.h:32:45: error: initializer element is not constant
   32 |     [TD_BSPC_WRD] = ACTION_TAP_DANCE_DOUBLE(C(KC_BSPC), KC_BSPC),
      |                                             ^
quantum/process_keycode/process_tap_dance.h:61:138: note: in definition of macro 'ACTION_TAP_DANCE_DOUBLE'
   61 |     { .fn = {tap_dance_pair_on_each_tap, tap_dance_pair_finished, tap_dance_pair_reset, NULL}, .user_data = (void *)&((tap_dance_pair_t){kc1, kc2}), }
      |                                                                                                                                          ^~~
I:/coding/bkqmk/users/brainrot/keycodes.h:32:45: note: (near initialization for '(anonymous).kc1')
   32 |     [TD_BSPC_WRD] = ACTION_TAP_DANCE_DOUBLE(C(KC_BSPC), KC_BSPC),
      |                                             ^
quantum/process_keycode/process_tap_dance.h:61:138: note: in definition of macro 'ACTION_TAP_DANCE_DOUBLE'
   61 |     { .fn = {tap_dance_pair_on_each_tap, tap_dance_pair_finished, tap_dance_pair_reset, NULL}, .user_data = (void *)&((tap_dance_pair_t){kc1, kc2}), }
      |                                                                                                                                          ^~~
I:/coding/bkqmk/users/brainrot/keycodes.h:33:44: error: initializer element is not constant
   33 |     [TD_DEL_WRD] = ACTION_TAP_DANCE_DOUBLE(C(KC_DEL), KC_DEL),
      |                                            ^
quantum/process_keycode/process_tap_dance.h:61:138: note: in definition of macro 'ACTION_TAP_DANCE_DOUBLE'
   61 |     { .fn = {tap_dance_pair_on_each_tap, tap_dance_pair_finished, tap_dance_pair_reset, NULL}, .user_data = (void *)&((tap_dance_pair_t){kc1, kc2}), }
      |                                                                                                                                          ^~~
I:/coding/bkqmk/users/brainrot/keycodes.h:33:44: note: (near initialization for '(anonymous).kc1')
   33 |     [TD_DEL_WRD] = ACTION_TAP_DANCE_DOUBLE(C(KC_DEL), KC_DEL),
      |                                            ^
quantum/process_keycode/process_tap_dance.h:61:138: note: in definition of macro 'ACTION_TAP_DANCE_DOUBLE'
   61 |     { .fn = {tap_dance_pair_on_each_tap, tap_dance_pair_finished, tap_dance_pair_reset, NULL}, .user_data = (void *)&((tap_dance_pair_t){kc1, kc2}), }
      |                                                                                                                                          ^~~
cc1.exe: all warnings being treated as errors
 [31;01m[ERRORS][0m
 | 
 | 
 | 
make: *** [builddefs/common_rules.mk:369: .build/obj_bastardkb_charybdis_3x6_brainrot/quantum/keymap_common.o] Error 1
Compiling: quantum/logging/debug.c                                                                  [32;01m[OK][0m
Compiling: quantum/logging/print.c                                                                  [32;01m[OK][0m
Compiling: quantum/keyboard.c                                                                      In file included from quantum/keymap_extras/keymap_us.h:27,
                 from quantum/quantum_keycodes.h:23,
                 from quantum/process_keycode/process_tap_dance.h:22,
                 from quantum/keyboard.c:75:
I:/coding/bkqmk/users/brainrot/keycodes.h:14:13: error: 'SAFE_RANGE' undeclared here (not in a function)
   14 |     KC_QU = SAFE_RANGE,
      |             ^~~~~~~~~~
I:/coding/bkqmk/users/brainrot/keycodes.h:29:1: error: unknown type name 'tap_dance_action_t'
   29 | tap_dance_action_t tap_dance_actions[] = {
      | ^~~~~~~~~~~~~~~~~~
I:/coding/bkqmk/users/brainrot/keycodes.h:30:20: error: implicit declaration of function 'ACTION_TAP_DANCE_DOUBLE'; did you mean 'ACTION_SWAP_HANDS_TOGGLE'? [-Werror=implicit-function-declaration]
   30 |     [TD_SPC_ENT] = ACTION_TAP_DANCE_DOUBLE(KC_SPC, KC_ENT),
      |                    ^~~~~~~~~~~~~~~~~~~~~~~
      |                    ACTION_SWAP_HANDS_TOGGLE
I:/coding/bkqmk/users/brainrot/keycodes.h:30:20: error: initializer element is not constant
I:/coding/bkqmk/users/brainrot/keycodes.h:30:20: note: (near initialization for 'tap_dance_actions[0]')
I:/coding/bkqmk/users/brainrot/keycodes.h:31:20: error: initializer element is not constant
   31 |     [TD_SPC_ESC] = ACTION_TAP_DANCE_DOUBLE(KC_SPC, KC_ESC),
      |                    ^~~~~~~~~~~~~~~~~~~~~~~
I:/coding/bkqmk/users/brainrot/keycodes.h:31:20: note: (near initialization for 'tap_dance_actions[1]')
I:/coding/bkqmk/users/brainrot/keycodes.h:32:45: error: implicit declaration of function 'C' [-Werror=implicit-function-declaration]
   32 |     [TD_BSPC_WRD] = ACTION_TAP_DANCE_DOUBLE(C(KC_BSPC), KC_BSPC),
      |                                             ^
I:/coding/bkqmk/users/brainrot/keycodes.h:32:21: error: initializer element is not constant
   32 |     [TD_BSPC_WRD] = ACTION_TAP_DANCE_DOUBLE(C(KC_BSPC), KC_BSPC),
      |                     ^~~~~~~~~~~~~~~~~~~~~~~
I:/coding/bkqmk/users/brainrot/keycodes.h:32:21: note: (near initialization for 'tap_dance_actions[2]')
I:/coding/bkqmk/users/brainrot/keycodes.h:33:20: error: initializer element is not constant
   33 |     [TD_DEL_WRD] = ACTION_TAP_DANCE_DOUBLE(C(KC_DEL), KC_DEL),
      |                    ^~~~~~~~~~~~~~~~~~~~~~~
I:/coding/bkqmk/users/brainrot/keycodes.h:33:20: note: (near initialization for 'tap_dance_actions[3]')
I:/coding/bkqmk/users/brainrot/keycodes.h:34:20: error: initializer element is not constant
   34 |     [TD_DRG_TOG] = ACTION_TAP_DANCE_DOUBLE(DRGSCRL, DRG_TOG)
      |                    ^~~~~~~~~~~~~~~~~~~~~~~
I:/coding/bkqmk/users/brainrot/keycodes.h:34:20: note: (near initialization for 'tap_dance_actions[4]')
quantum/process_keycode/process_tap_dance.h:81:27: error: conflicting types for 'tap_dance_actions'; have 'tap_dance_action_t[]'
   81 | extern tap_dance_action_t tap_dance_actions[];
      |                           ^~~~~~~~~~~~~~~~~
I:/coding/bkqmk/users/brainrot/keycodes.h:29:20: note: previous definition of 'tap_dance_actions' with type 'int[1]'
   29 | tap_dance_action_t tap_dance_actions[] = {
      |                    ^~~~~~~~~~~~~~~~~
cc1.exe: all warnings being treated as errors
 [31;01m[ERRORS][0m
 | 
 | 
 | 
make: *** [builddefs/common_rules.mk:369: .build/obj_bastardkb_charybdis_3x6_brainrot/quantum/keyboard.o] Error 1
